{"C:\\Users\\manic\\Desktop\\fooddelivarynew\\src\\components\\res-utils.js\\sum.js": {"path":"C:\\Users\\manic\\Desktop\\fooddelivarynew\\src\\components\\res-utils.js\\sum.js","statementMap":{"0":{"start":{"line":2,"column":2},"end":{"line":2,"column":14}}},"fnMap":{"0":{"name":"sum","decl":{"start":{"line":1,"column":9},"end":{"line":1,"column":12}},"loc":{"start":{"line":1,"column":19},"end":{"line":3,"column":1}},"line":1}},"branchMap":{},"s":{"0":1},"f":{"0":1},"b":{},"_coverageSchema":"1a1c01bbd47fc00a2c39e90264f33305004495a9","hash":"495b6ac3e55907497d9a30e679ce93e8575c9326"}
}
